<?xml version="1.0" encoding="UTF-8"?>
<testng-results total="1" passed="1" failed="0" skipped="0">
  <reporter-output>
  </reporter-output>
  <suite started-at="2024-01-02T00:01:56Z" name="Default suite" finished-at="2024-01-02T00:01:56Z" duration-ms="384">
    <groups>
    </groups>
    <test started-at="2024-01-02T00:01:56Z" name="Default test" finished-at="2024-01-02T00:01:56Z" duration-ms="384">
      <class name="Conexion.NewTest">
        <test-method signature="f()" started-at="2024-01-02T00:01:56Z" name="f" finished-at="2024-01-02T00:01:56Z" duration-ms="357" status="PASS">
        </test-method>
      </class>
    </test>
  </suite>
</testng-results>
